<?xml version="1.0" encoding="UTF-8"?>
<testng-results ignored="0" total="1" passed="1" failed="0" skipped="0">
  <reporter-output>
  </reporter-output>
  <suite started-at="2024-05-03T19:15:23 IST" name="Default suite" finished-at="2024-05-03T19:15:39 IST" duration-ms="15797">
    <groups>
    </groups>
    <test started-at="2024-05-03T19:15:23 IST" name="Default test" finished-at="2024-05-03T19:15:39 IST" duration-ms="15797">
      <class name="gitfacebook02.Gitfacebook">
        <test-method is-config="true" signature="launchBrowser()[pri:0, instance:gitfacebook02.Gitfacebook@6631f5ca]" started-at="2024-05-03T19:15:23 IST" name="launchBrowser" finished-at="2024-05-03T19:15:29 IST" duration-ms="6378" status="PASS">
          <reporter-output>
          </reporter-output>
        </test-method> <!-- launchBrowser -->
        <test-method signature="loginpage()[pri:0, instance:gitfacebook02.Gitfacebook@6631f5ca]" started-at="2024-05-03T19:15:29 IST" name="loginpage" finished-at="2024-05-03T19:15:37 IST" duration-ms="7692" status="PASS">
          <reporter-output>
          </reporter-output>
        </test-method> <!-- loginpage -->
        <test-method is-config="true" signature="terminateBrowser()[pri:0, instance:gitfacebook02.Gitfacebook@6631f5ca]" started-at="2024-05-03T19:15:37 IST" name="terminateBrowser" finished-at="2024-05-03T19:15:39 IST" duration-ms="1687" status="PASS">
          <reporter-output>
          </reporter-output>
        </test-method> <!-- terminateBrowser -->
      </class> <!-- gitfacebook02.Gitfacebook -->
    </test> <!-- Default test -->
  </suite> <!-- Default suite -->
</testng-results>
